<?xml version="1.0" encoding="UTF-8"?>
<!-- Generated by org.testng.reporters.JUnitReportReporter -->
<testsuite hostname="Vanithamanis-MacBook-Pro.local" failures="0" tests="2" name="com.TestCases.HomePageNavigation" time="37.476" errors="0" timestamp="2022-07-14T20:22:01 IST" skipped="0">
  <testcase classname="com.TestCases.HomePageNavigation" name="homePage" time="19.038"/>
  <system-out/>
  <testcase classname="com.TestCases.HomePageNavigation" name="homePage" time="18.438"/>
  <system-out/>
</testsuite> <!-- com.TestCases.HomePageNavigation -->
