<?xml version="1.0" encoding="UTF-8"?>
<!-- Generated by org.testng.reporters.JUnitReportReporter -->
<testsuite hostname="Vanithamanis-MacBook-Pro.local" failures="0" tests="1" name="com.TestCases.ResetingPassword" time="18.326" errors="0" timestamp="2022-07-14T20:22:01 IST" skipped="0">
  <testcase classname="com.TestCases.ResetingPassword" name="resetingPassword" time="18.326"/>
  <system-out/>
</testsuite> <!-- com.TestCases.ResetingPassword -->
